#
# A fatal error has been detected by the Java Runtime Environment:
#
#  EXCEPTION_ACCESS_VIOLATION (0xc0000005) at pc=0x00007ffae0f86b63, pid=7672, tid=524
#
# JRE version: OpenJDK Runtime Environment (16.0.2+7) (build 16.0.2+7-67)
# Java VM: OpenJDK 64-Bit Server VM (16.0.2+7-67, mixed mode, tiered, compressed oops, compressed class ptrs, g1 gc, windows-amd64)
# Problematic frame:
# V  [jvm.dll+0x646b63]
#
# No core dump will be written. Minidumps are not enabled by default on client versions of Windows
#
# If you would like to submit a bug report, please visit:
#   https://bugreport.java.com/bugreport/crash.jsp
#

---------------  S U M M A R Y ------------

Command Line: -Dfile.encoding=UTF-8 -XX:+ShowCodeDetailsInExceptionMessages com.ionx.ionx.IonxApplication

Host: Intel(R) Core(TM) i3-6006U CPU @ 2.00GHz, 4 cores, 3G,  Windows 10 , 64 bit Build 19041 (10.0.19041.1348)
Time: Tue Nov 23 10:07:42 2021 Hora oficial do Brasil elapsed time: 16.845240 seconds (0d 0h 0m 16s)

---------------  T H R E A D  ---------------

Current thread (0x000001b6d3face40):  JavaThread "C2 CompilerThread0" daemon [_thread_in_native, id=524, stack(0x000000269ac00000,0x000000269ad00000)]


Current CompileTask:
C2:  16845 4644   !   4       jdk.internal.loader.BuiltinClassLoader::findClassOnClassPathOrNull (64 bytes)

Stack: [0x000000269ac00000,0x000000269ad00000],  sp=0x000000269acfb740,  free space=1005k
Native frames: (J=compiled Java code, j=interpreted, Vv=VM code, C=native code)
V  [jvm.dll+0x646b63]
V  [jvm.dll+0x6b429c]
V  [jvm.dll+0x1b9bc0]
V  [jvm.dll+0x215e16]
V  [jvm.dll+0x215100]
V  [jvm.dll+0x1a1beb]
V  [jvm.dll+0x225158]
V  [jvm.dll+0x22319c]
V  [jvm.dll+0x77fa62]
V  [jvm.dll+0x7795aa]
V  [jvm.dll+0x667066]
C  [ucrtbase.dll+0x21bb2]
C  [KERNEL32.DLL+0x17034]
C  [ntdll.dll+0x52651]


siginfo: EXCEPTION_ACCESS_VIOLATION (0xc0000005), reading address 0x000011b6d6b1cec8


Register to memory mapping:

RIP=0x00007ffae0f86b63 jvm.dll
RAX=0x000001b6da258668 points into unknown readable memory: 0x000011b6d6b1ceb8 | b8 ce b1 d6 b6 11 00 00
RBX=0x000001b6da258610 points into unknown readable memory: 0x00007ffae11e6cf8 | f8 6c 1e e1 fa 7f 00 00
RCX=0x000011b6d6b1ceb8 is an unknown value
RDX=0x000000269acfe950 is pointing into the stack for thread: 0x000001b6d3face40
RSP=0x000000269acfb740 is pointing into the stack for thread: 0x000001b6d3face40
RBP=0x000000269acfe950 is pointing into the stack for thread: 0x000001b6d3face40
RSI=0x000001b6d3fa6f00 points into unknown readable memory: 0x000001b6d3fa6f50 | 50 6f fa d3 b6 01 00 00
RDI=0x0 is NULL
R8 =0x0000000000000002 is an unknown value
R9 =0x000001b6da258668 points into unknown readable memory: 0x000011b6d6b1ceb8 | b8 ce b1 d6 b6 11 00 00
R10=0x000001b6d49f1e00 points into unknown readable memory: 0x00007ffae11e6cf8 | f8 6c 1e e1 fa 7f 00 00
R11=0x000001b6da258f48 points into unknown readable memory: 0x000001b6d49f1e00 | 00 1e 9f d4 b6 01 00 00
R12=0x0 is NULL
R13=0x000001b6da4786b0 points into unknown readable memory: 0x00007ffae11eb930 | 30 b9 1e e1 fa 7f 00 00
R14=0x0 is NULL
R15=0x0000000000000040 is an unknown value


Registers:
RAX=0x000001b6da258668, RBX=0x000001b6da258610, RCX=0x000011b6d6b1ceb8, RDX=0x000000269acfe950
RSP=0x000000269acfb740, RBP=0x000000269acfe950, RSI=0x000001b6d3fa6f00, RDI=0x0000000000000000
R8 =0x0000000000000002, R9 =0x000001b6da258668, R10=0x000001b6d49f1e00, R11=0x000001b6da258f48
R12=0x0000000000000000, R13=0x000001b6da4786b0, R14=0x0000000000000000, R15=0x0000000000000040
RIP=0x00007ffae0f86b63, EFLAGS=0x0000000000010206

Top of Stack: (sp=0x000000269acfb740)
0x000000269acfb740:   000000269acfc010 0000000000000000
0x000000269acfb750:   000001b6da4785f8 000001b6da258610
0x000000269acfb760:   000001b6da4785f8 000000269acfb880
0x000000269acfb770:   000000000000000c 00007ffae0ff429c
0x000000269acfb780:   000001b6da258610 000000269acfc010
0x000000269acfb790:   0000000000000001 000001b6d80301c0
0x000000269acfb7a0:   00000026000024a9 000000269acfb970
0x000000269acfb7b0:   000001b600000009 000001b6da861bd0
0x000000269acfb7c0:   000001b6da3d4990 000000269acfb901
0x000000269acfb7d0:   0000000000000006 0000000000000000
0x000000269acfb7e0:   0000000000001219 000001b6da4786b0
0x000000269acfb7f0:   000001b6da258610 000000010000000f
0x000000269acfb800:   000000260000225a 0000000000000000
0x000000269acfb810:   0000000000000005 000001b6da2c7820
0x000000269acfb820:   0000056a00000000 0000000000179de0
0x000000269acfb830:   000001b6da2c78a0 000001b6da336b90 

Instructions: (pc=0x00007ffae0f86b63)
0x00007ffae0f86a63:   38 3b d0 7d 2c 48 63 c2 4c 8d 04 c5 00 00 00 00
0x00007ffae0f86a73:   48 8b 8f d8 01 00 00 4d 8d 40 08 ff c2 4a 8b 44
0x00007ffae0f86a83:   01 f8 4a 89 44 01 f0 8b 87 d0 01 00 00 3b d0 7c
0x00007ffae0f86a93:   df ff c8 89 87 d0 01 00 00 8b 43 30 c1 e8 0f a8
0x00007ffae0f86aa3:   01 74 0b 48 8b d3 48 8b cf e8 cf 93 bd ff 8b 43
0x00007ffae0f86ab3:   2c 83 e0 03 3c 03 75 09 48 8d 4b 48 e8 fc 5a 07
0x00007ffae0f86ac3:   00 48 8b 05 f5 05 48 00 48 8b d3 48 8b 48 28 48
0x00007ffae0f86ad3:   8b 01 48 8b 5c 24 58 48 8b 6c 24 60 48 8b 74 24
0x00007ffae0f86ae3:   68 48 83 c4 20 41 5f 41 5e 41 5d 41 5c 5f 48 ff
0x00007ffae0f86af3:   a0 b0 00 00 00 cc cc cc cc cc cc cc cc 40 53 55
0x00007ffae0f86b03:   57 48 83 ec 20 8b 41 18 48 8b ea 4c 89 74 24 48
0x00007ffae0f86b13:   48 8b d9 45 33 f6 41 8b fe 85 c0 0f 84 89 00 00
0x00007ffae0f86b23:   00 44 8b 05 9d ed 4c 00 65 48 8b 04 25 58 00 00
0x00007ffae0f86b33:   00 48 89 74 24 40 4c 89 7c 24 50 41 bf 40 00 00
0x00007ffae0f86b43:   00 4a 8d 34 c0 0f 1f 84 00 00 00 00 00 48 8b 43
0x00007ffae0f86b53:   08 8b cf 4c 8d 0c c8 48 8b 0c c8 48 85 c9 74 37
0x00007ffae0f86b63:   4c 8b 41 10 4d 85 c0 74 1d 8b 41 20 49 8d 14 c0
0x00007ffae0f86b73:   48 39 5a f8 48 8d 52 f8 75 f6 ff c8 89 41 20 49
0x00007ffae0f86b83:   8b 0c c0 48 89 0a 48 8b 06 4d 89 31 45 38 34 07
0x00007ffae0f86b93:   75 05 e8 b2 d4 1d 00 8b 43 18 ff c7 3b f8 72 ad
0x00007ffae0f86ba3:   4c 8b 7c 24 50 48 8b 74 24 40 8b 7b 1c 4c 8b 74
0x00007ffae0f86bb3:   24 48 3b f8 76 4c 0f 1f 80 00 00 00 00 48 8b 43
0x00007ffae0f86bc3:   08 ff cf 48 8b 14 f8 48 85 d2 74 31 4c 8b 42 10
0x00007ffae0f86bd3:   4d 85 c0 74 1e 8b 4a 20 49 8d 04 c8 90 48 39 58
0x00007ffae0f86be3:   f8 48 8d 40 f8 75 f6 ff c9 89 4a 20 49 8b 14 c8
0x00007ffae0f86bf3:   48 89 10 8b d7 48 8b cb e8 50 f9 ff ff 3b 7b 18
0x00007ffae0f86c03:   77 bb 8b 53 28 48 8b cd 48 83 c4 20 5f 5d 5b e9
0x00007ffae0f86c13:   e9 90 bd ff cc cc cc cc cc cc cc cc cc 48 89 5c
0x00007ffae0f86c23:   24 10 48 89 6c 24 18 48 89 74 24 20 57 41 54 41
0x00007ffae0f86c33:   55 41 56 41 57 48 83 ec 20 44 8b 3d 7d b6 42 00
0x00007ffae0f86c43:   49 8b e8 41 c7 40 18 00 00 00 00 48 8b fa 45 8b
0x00007ffae0f86c53:   40 08 4c 8b e9 48 8b f2 48 89 54 24 50 48 8b 4d 


Stack slot to memory mapping:
stack at sp + 0 slots: 0x000000269acfc010 is pointing into the stack for thread: 0x000001b6d3face40
stack at sp + 1 slots: 0x0 is NULL
stack at sp + 2 slots: 0x000001b6da4785f8 points into unknown readable memory: 0x00007ffae11b5b60 | 60 5b 1b e1 fa 7f 00 00
stack at sp + 3 slots: 0x000001b6da258610 points into unknown readable memory: 0x00007ffae11e6cf8 | f8 6c 1e e1 fa 7f 00 00
stack at sp + 4 slots: 0x000001b6da4785f8 points into unknown readable memory: 0x00007ffae11b5b60 | 60 5b 1b e1 fa 7f 00 00
stack at sp + 5 slots: 0x000000269acfb880 is pointing into the stack for thread: 0x000001b6d3face40
stack at sp + 6 slots: 0x000000000000000c is an unknown value
stack at sp + 7 slots: 0x00007ffae0ff429c jvm.dll


---------------  P R O C E S S  ---------------

Threads class SMR info:
_java_thread_list=0x000001b6d811d9c0, length=19, elements={
0x000001b6bd037ec0, 0x000001b6d3f8e020, 0x000001b6d3f8e930, 0x000001b6d3f7b0e0,
0x000001b6d3fa5fe0, 0x000001b6d3fa7900, 0x000001b6d3fb8fa0, 0x000001b6d3face40,
0x000001b6d3fad790, 0x000001b6d3fae0e0, 0x000001b6d3fb9a40, 0x000001b6d3fb9f90,
0x000001b6d3fb94f0, 0x000001b6d3fbba20, 0x000001b6d3fbbf70, 0x000001b6d3fb8a50,
0x000001b6d869b550, 0x000001b6d869dfd0, 0x000001b6d869baa0
}

Java Threads: ( => current thread )
  0x000001b6bd037ec0 JavaThread "main" [_thread_blocked, id=9916, stack(0x0000002699f00000,0x000000269a000000)]
  0x000001b6d3f8e020 JavaThread "Reference Handler" daemon [_thread_blocked, id=6340, stack(0x000000269a600000,0x000000269a700000)]
  0x000001b6d3f8e930 JavaThread "Finalizer" daemon [_thread_blocked, id=9304, stack(0x000000269a700000,0x000000269a800000)]
  0x000001b6d3f7b0e0 JavaThread "Signal Dispatcher" daemon [_thread_blocked, id=8828, stack(0x000000269a800000,0x000000269a900000)]
  0x000001b6d3fa5fe0 JavaThread "Attach Listener" daemon [_thread_blocked, id=10192, stack(0x000000269a900000,0x000000269aa00000)]
  0x000001b6d3fa7900 JavaThread "Service Thread" daemon [_thread_blocked, id=5340, stack(0x000000269aa00000,0x000000269ab00000)]
  0x000001b6d3fb8fa0 JavaThread "Monitor Deflation Thread" daemon [_thread_blocked, id=7136, stack(0x000000269ab00000,0x000000269ac00000)]
=>0x000001b6d3face40 JavaThread "C2 CompilerThread0" daemon [_thread_in_native, id=524, stack(0x000000269ac00000,0x000000269ad00000)]
  0x000001b6d3fad790 JavaThread "C1 CompilerThread0" daemon [_thread_blocked, id=1916, stack(0x000000269ad00000,0x000000269ae00000)]
  0x000001b6d3fae0e0 JavaThread "Sweeper thread" daemon [_thread_blocked, id=288, stack(0x000000269ae00000,0x000000269af00000)]
  0x000001b6d3fb9a40 JavaThread "Notification Thread" daemon [_thread_blocked, id=6692, stack(0x000000269af00000,0x000000269b000000)]
  0x000001b6d3fb9f90 JavaThread "Common-Cleaner" daemon [_thread_blocked, id=4828, stack(0x000000269b100000,0x000000269b200000)]
  0x000001b6d3fb94f0 JavaThread "Thread-0" [_thread_blocked, id=6116, stack(0x000000269b700000,0x000000269b800000)]
  0x000001b6d3fbba20 JavaThread "restartedMain" [_thread_in_native, id=9120, stack(0x000000269b800000,0x000000269b900000)]
  0x000001b6d3fbbf70 JavaThread "Catalina-utility-1" [_thread_blocked, id=5940, stack(0x000000269b900000,0x000000269ba00000)]
  0x000001b6d3fb8a50 JavaThread "Catalina-utility-2" [_thread_blocked, id=3536, stack(0x000000269ba00000,0x000000269bb00000)]
  0x000001b6d869b550 JavaThread "container-0" [_thread_blocked, id=3500, stack(0x000000269bb00000,0x000000269bc00000)]
  0x000001b6d869dfd0 JavaThread "HikariPool-1 housekeeper" daemon [_thread_blocked, id=6352, stack(0x000000269bd00000,0x000000269be00000)]
  0x000001b6d869baa0 JavaThread "HikariPool-1 connection adder" daemon [_thread_blocked, id=4060, stack(0x000000269be00000,0x000000269bf00000)]

Other Threads:
  0x000001b6bd10a3f0 VMThread "VM Thread" [stack: 0x000000269a500000,0x000000269a600000] [id=5224]
  0x000001b6d49aafe0 WatcherThread [stack: 0x000000269b000000,0x000000269b100000] [id=1744]
  0x000001b6bd0664c0 GCTaskThread "GC Thread#0" [stack: 0x000000269a000000,0x000000269a100000] [id=3904]
  0x000001b6d5229030 GCTaskThread "GC Thread#1" [stack: 0x000000269b200000,0x000000269b300000] [id=8968]
  0x000001b6d5434c00 GCTaskThread "GC Thread#2" [stack: 0x000000269b300000,0x000000269b400000] [id=6752]
  0x000001b6d543caf0 GCTaskThread "GC Thread#3" [stack: 0x000000269b400000,0x000000269b500000] [id=1072]
  0x000001b6bd06f830 ConcurrentGCThread "G1 Main Marker" [stack: 0x000000269a100000,0x000000269a200000] [id=7364]
  0x000001b6bd0711c0 ConcurrentGCThread "G1 Conc#0" [stack: 0x000000269a200000,0x000000269a300000] [id=9548]
  0x000001b6bd0c5cb0 ConcurrentGCThread "G1 Refine#0" [stack: 0x000000269a300000,0x000000269a400000] [id=9812]
  0x000001b6d543be30 ConcurrentGCThread "G1 Refine#1" [stack: 0x000000269b500000,0x000000269b600000] [id=4960]
  0x000001b6d54649c0 ConcurrentGCThread "G1 Refine#2" [stack: 0x000000269b600000,0x000000269b700000] [id=7232]
  0x000001b6bd0c8550 ConcurrentGCThread "G1 Service" [stack: 0x000000269a400000,0x000000269a500000] [id=7032]

Threads with active compile tasks:
C2 CompilerThread0    17039 4644   !   4       jdk.internal.loader.BuiltinClassLoader::findClassOnClassPathOrNull (64 bytes)

VM state: not at safepoint (normal execution)

VM Mutex/Monitor currently owned by a thread: None

Heap address: 0x00000000c1c00000, size: 996 MB, Compressed Oops mode: 32-bit

CDS disabled.
Compressed class space mapped at: 0x0000000100000000-0x0000000140000000, reserved size: 1073741824
Narrow klass base: 0x0000000000000000, Narrow klass shift: 3, Narrow klass range: 0x140000000

GC Precious Log:
 CPUs: 4 total, 4 available
 Memory: 3981M
 Large Page Support: Disabled
 NUMA Support: Disabled
 Compressed Oops: Enabled (32-bit)
 Heap Region Size: 1M
 Heap Min Capacity: 8M
 Heap Initial Capacity: 64M
 Heap Max Capacity: 996M
 Pre-touch: Disabled
 Parallel Workers: 4
 Concurrent Workers: 1
 Concurrent Refinement Workers: 4
 Periodic GC: Disabled

Heap:
 garbage-first heap   total 131072K, used 91354K [0x00000000c1c00000, 0x0000000100000000)
  region size 1024K, 74 young (75776K), 2 survivors (2048K)
 Metaspace       used 56668K, committed 57024K, reserved 1105920K
  class space    used 7222K, committed 7424K, reserved 1048576K

Heap Regions: E=young(eden), S=young(survivor), O=old, HS=humongous(starts), HC=humongous(continues), CS=collection set, F=free, OA=open archive, CA=closed archive, TAMS=top-at-mark-start (previous, next)
|   0|0x00000000c1c00000, 0x00000000c1d00000, 0x00000000c1d00000|100%|HS|  |TAMS 0x00000000c1d00000, 0x00000000c1c00000| Complete 
|   1|0x00000000c1d00000, 0x00000000c1e00000, 0x00000000c1e00000|100%|HS|  |TAMS 0x00000000c1e00000, 0x00000000c1d00000| Complete 
|   2|0x00000000c1e00000, 0x00000000c1f00000, 0x00000000c1f00000|100%| O|  |TAMS 0x00000000c1f00000, 0x00000000c1e00000| Untracked 
|   3|0x00000000c1f00000, 0x00000000c2000000, 0x00000000c2000000|100%| O|  |TAMS 0x00000000c2000000, 0x00000000c1f00000| Untracked 
|   4|0x00000000c2000000, 0x00000000c2100000, 0x00000000c2100000|100%| O|  |TAMS 0x00000000c2100000, 0x00000000c2000000| Untracked 
|   5|0x00000000c2100000, 0x00000000c2200000, 0x00000000c2200000|100%| O|  |TAMS 0x00000000c2200000, 0x00000000c2100000| Untracked 
|   6|0x00000000c2200000, 0x00000000c2300000, 0x00000000c2300000|100%| O|  |TAMS 0x00000000c2300000, 0x00000000c2200000| Untracked 
|   7|0x00000000c2300000, 0x00000000c23fea00, 0x00000000c2400000| 99%| O|  |TAMS 0x00000000c23fea00, 0x00000000c2300000| Untracked 
|   8|0x00000000c2400000, 0x00000000c2500000, 0x00000000c2500000|100%| O|  |TAMS 0x00000000c2500000, 0x00000000c2400000| Untracked 
|   9|0x00000000c2500000, 0x00000000c2600000, 0x00000000c2600000|100%| O|  |TAMS 0x00000000c2600000, 0x00000000c2500000| Untracked 
|  10|0x00000000c2600000, 0x00000000c2700000, 0x00000000c2700000|100%| O|  |TAMS 0x00000000c2700000, 0x00000000c2600000| Untracked 
|  11|0x00000000c2700000, 0x00000000c2800000, 0x00000000c2800000|100%| O|  |TAMS 0x00000000c2742600, 0x00000000c2700000| Untracked 
|  12|0x00000000c2800000, 0x00000000c2900000, 0x00000000c2900000|100%| O|  |TAMS 0x00000000c2800000, 0x00000000c2800000| Untracked 
|  13|0x00000000c2900000, 0x00000000c2a00000, 0x00000000c2a00000|100%| O|  |TAMS 0x00000000c2900000, 0x00000000c2900000| Untracked 
|  14|0x00000000c2a00000, 0x00000000c2b00000, 0x00000000c2b00000|100%| O|  |TAMS 0x00000000c2a00000, 0x00000000c2a00000| Untracked 
|  15|0x00000000c2b00000, 0x00000000c2b50a00, 0x00000000c2c00000| 31%| O|  |TAMS 0x00000000c2b00000, 0x00000000c2b00000| Untracked 
|  16|0x00000000c2c00000, 0x00000000c2c00000, 0x00000000c2d00000|  0%| F|  |TAMS 0x00000000c2c00000, 0x00000000c2c00000| Untracked 
|  17|0x00000000c2d00000, 0x00000000c2d00000, 0x00000000c2e00000|  0%| F|  |TAMS 0x00000000c2d00000, 0x00000000c2d00000| Untracked 
|  18|0x00000000c2e00000, 0x00000000c2e00000, 0x00000000c2f00000|  0%| F|  |TAMS 0x00000000c2e00000, 0x00000000c2e00000| Untracked 
|  19|0x00000000c2f00000, 0x00000000c2f00000, 0x00000000c3000000|  0%| F|  |TAMS 0x00000000c2f00000, 0x00000000c2f00000| Untracked 
|  20|0x00000000c3000000, 0x00000000c3000000, 0x00000000c3100000|  0%| F|  |TAMS 0x00000000c3000000, 0x00000000c3000000| Untracked 
|  21|0x00000000c3100000, 0x00000000c3100000, 0x00000000c3200000|  0%| F|  |TAMS 0x00000000c3100000, 0x00000000c3100000| Untracked 
|  22|0x00000000c3200000, 0x00000000c32e77e0, 0x00000000c3300000| 90%| S|CS|TAMS 0x00000000c3200000, 0x00000000c3200000| Complete 
|  23|0x00000000c3300000, 0x00000000c3300000, 0x00000000c3400000|  0%| F|  |TAMS 0x00000000c3300000, 0x00000000c3300000| Untracked 
|  24|0x00000000c3400000, 0x00000000c3400000, 0x00000000c3500000|  0%| F|  |TAMS 0x00000000c3400000, 0x00000000c3400000| Untracked 
|  25|0x00000000c3500000, 0x00000000c3600000, 0x00000000c3600000|100%| S|CS|TAMS 0x00000000c3500000, 0x00000000c3500000| Complete 
|  26|0x00000000c3600000, 0x00000000c3600000, 0x00000000c3700000|  0%| F|  |TAMS 0x00000000c3600000, 0x00000000c3600000| Untracked 
|  27|0x00000000c3700000, 0x00000000c3700000, 0x00000000c3800000|  0%| F|  |TAMS 0x00000000c3700000, 0x00000000c3700000| Untracked 
|  28|0x00000000c3800000, 0x00000000c3800000, 0x00000000c3900000|  0%| F|  |TAMS 0x00000000c3800000, 0x00000000c3800000| Untracked 
|  29|0x00000000c3900000, 0x00000000c3900000, 0x00000000c3a00000|  0%| F|  |TAMS 0x00000000c3900000, 0x00000000c3900000| Untracked 
|  30|0x00000000c3a00000, 0x00000000c3a00000, 0x00000000c3b00000|  0%| F|  |TAMS 0x00000000c3a00000, 0x00000000c3a00000| Untracked 
|  31|0x00000000c3b00000, 0x00000000c3b00000, 0x00000000c3c00000|  0%| F|  |TAMS 0x00000000c3b00000, 0x00000000c3b00000| Untracked 
|  32|0x00000000c3c00000, 0x00000000c3c00000, 0x00000000c3d00000|  0%| F|  |TAMS 0x00000000c3c00000, 0x00000000c3c00000| Untracked 
|  33|0x00000000c3d00000, 0x00000000c3d00000, 0x00000000c3e00000|  0%| F|  |TAMS 0x00000000c3d00000, 0x00000000c3d00000| Untracked 
|  34|0x00000000c3e00000, 0x00000000c3e00000, 0x00000000c3f00000|  0%| F|  |TAMS 0x00000000c3e00000, 0x00000000c3e00000| Untracked 
|  35|0x00000000c3f00000, 0x00000000c3f00000, 0x00000000c4000000|  0%| F|  |TAMS 0x00000000c3f00000, 0x00000000c3f00000| Untracked 
|  36|0x00000000c4000000, 0x00000000c4000000, 0x00000000c4100000|  0%| F|  |TAMS 0x00000000c4000000, 0x00000000c4000000| Untracked 
|  37|0x00000000c4100000, 0x00000000c4100000, 0x00000000c4200000|  0%| F|  |TAMS 0x00000000c4100000, 0x00000000c4100000| Untracked 
|  38|0x00000000c4200000, 0x00000000c4200000, 0x00000000c4300000|  0%| F|  |TAMS 0x00000000c4200000, 0x00000000c4200000| Untracked 
|  39|0x00000000c4300000, 0x00000000c4300000, 0x00000000c4400000|  0%| F|  |TAMS 0x00000000c4300000, 0x00000000c4300000| Untracked 
|  40|0x00000000c4400000, 0x00000000c4400000, 0x00000000c4500000|  0%| F|  |TAMS 0x00000000c4400000, 0x00000000c4400000| Untracked 
|  41|0x00000000c4500000, 0x00000000c4500000, 0x00000000c4600000|  0%| F|  |TAMS 0x00000000c4500000, 0x00000000c4500000| Untracked 
|  42|0x00000000c4600000, 0x00000000c4600000, 0x00000000c4700000|  0%| F|  |TAMS 0x00000000c4600000, 0x00000000c4600000| Untracked 
|  43|0x00000000c4700000, 0x00000000c4700000, 0x00000000c4800000|  0%| F|  |TAMS 0x00000000c4700000, 0x00000000c4700000| Untracked 
|  44|0x00000000c4800000, 0x00000000c4800000, 0x00000000c4900000|  0%| F|  |TAMS 0x00000000c4800000, 0x00000000c4800000| Untracked 
|  45|0x00000000c4900000, 0x00000000c4900000, 0x00000000c4a00000|  0%| F|  |TAMS 0x00000000c4900000, 0x00000000c4900000| Untracked 
|  46|0x00000000c4a00000, 0x00000000c4a00000, 0x00000000c4b00000|  0%| F|  |TAMS 0x00000000c4a00000, 0x00000000c4a00000| Untracked 
|  47|0x00000000c4b00000, 0x00000000c4b00000, 0x00000000c4c00000|  0%| F|  |TAMS 0x00000000c4b00000, 0x00000000c4b00000| Untracked 
|  48|0x00000000c4c00000, 0x00000000c4c00000, 0x00000000c4d00000|  0%| F|  |TAMS 0x00000000c4c00000, 0x00000000c4c00000| Untracked 
|  49|0x00000000c4d00000, 0x00000000c4d00000, 0x00000000c4e00000|  0%| F|  |TAMS 0x00000000c4d00000, 0x00000000c4d00000| Untracked 
|  50|0x00000000c4e00000, 0x00000000c4e00000, 0x00000000c4f00000|  0%| F|  |TAMS 0x00000000c4e00000, 0x00000000c4e00000| Untracked 
|  51|0x00000000c4f00000, 0x00000000c4f00000, 0x00000000c5000000|  0%| F|  |TAMS 0x00000000c4f00000, 0x00000000c4f00000| Untracked 
|  52|0x00000000c5000000, 0x00000000c5000000, 0x00000000c5100000|  0%| F|  |TAMS 0x00000000c5000000, 0x00000000c5000000| Untracked 
|  53|0x00000000c5100000, 0x00000000c5100000, 0x00000000c5200000|  0%| F|  |TAMS 0x00000000c5100000, 0x00000000c5100000| Untracked 
|  54|0x00000000c5200000, 0x00000000c5200000, 0x00000000c5300000|  0%| F|  |TAMS 0x00000000c5200000, 0x00000000c5200000| Untracked 
|  55|0x00000000c5300000, 0x00000000c5380800, 0x00000000c5400000| 50%| E|  |TAMS 0x00000000c5300000, 0x00000000c5300000| Complete 
|  56|0x00000000c5400000, 0x00000000c5500000, 0x00000000c5500000|100%| E|CS|TAMS 0x00000000c5400000, 0x00000000c5400000| Complete 
|  57|0x00000000c5500000, 0x00000000c5600000, 0x00000000c5600000|100%| E|CS|TAMS 0x00000000c5500000, 0x00000000c5500000| Complete 
|  58|0x00000000c5600000, 0x00000000c5700000, 0x00000000c5700000|100%| E|CS|TAMS 0x00000000c5600000, 0x00000000c5600000| Complete 
|  59|0x00000000c5700000, 0x00000000c5800000, 0x00000000c5800000|100%| E|CS|TAMS 0x00000000c5700000, 0x00000000c5700000| Complete 
|  60|0x00000000c5800000, 0x00000000c5900000, 0x00000000c5900000|100%| E|CS|TAMS 0x00000000c5800000, 0x00000000c5800000| Complete 
|  61|0x00000000c5900000, 0x00000000c5a00000, 0x00000000c5a00000|100%| E|CS|TAMS 0x00000000c5900000, 0x00000000c5900000| Complete 
|  62|0x00000000c5a00000, 0x00000000c5b00000, 0x00000000c5b00000|100%| E|CS|TAMS 0x00000000c5a00000, 0x00000000c5a00000| Complete 
|  63|0x00000000c5b00000, 0x00000000c5c00000, 0x00000000c5c00000|100%| E|CS|TAMS 0x00000000c5b00000, 0x00000000c5b00000| Complete 
|  64|0x00000000c5c00000, 0x00000000c5d00000, 0x00000000c5d00000|100%| E|CS|TAMS 0x00000000c5c00000, 0x00000000c5c00000| Complete 
|  65|0x00000000c5d00000, 0x00000000c5e00000, 0x00000000c5e00000|100%| E|CS|TAMS 0x00000000c5d00000, 0x00000000c5d00000| Complete 
|  66|0x00000000c5e00000, 0x00000000c5f00000, 0x00000000c5f00000|100%| E|CS|TAMS 0x00000000c5e00000, 0x00000000c5e00000| Complete 
|  67|0x00000000c5f00000, 0x00000000c6000000, 0x00000000c6000000|100%| E|CS|TAMS 0x00000000c5f00000, 0x00000000c5f00000| Complete 
|  68|0x00000000c6000000, 0x00000000c6100000, 0x00000000c6100000|100%| E|CS|TAMS 0x00000000c6000000, 0x00000000c6000000| Complete 
|  69|0x00000000c6100000, 0x00000000c6200000, 0x00000000c6200000|100%| E|CS|TAMS 0x00000000c6100000, 0x00000000c6100000| Complete 
|  70|0x00000000c6200000, 0x00000000c6300000, 0x00000000c6300000|100%| E|CS|TAMS 0x00000000c6200000, 0x00000000c6200000| Complete 
|  71|0x00000000c6300000, 0x00000000c6400000, 0x00000000c6400000|100%| E|CS|TAMS 0x00000000c6300000, 0x00000000c6300000| Complete 
|  72|0x00000000c6400000, 0x00000000c6500000, 0x00000000c6500000|100%| E|CS|TAMS 0x00000000c6400000, 0x00000000c6400000| Complete 
|  73|0x00000000c6500000, 0x00000000c6600000, 0x00000000c6600000|100%| E|CS|TAMS 0x00000000c6500000, 0x00000000c6500000| Complete 
|  74|0x00000000c6600000, 0x00000000c6700000, 0x00000000c6700000|100%| E|CS|TAMS 0x00000000c6600000, 0x00000000c6600000| Complete 
|  75|0x00000000c6700000, 0x00000000c6800000, 0x00000000c6800000|100%| E|CS|TAMS 0x00000000c6700000, 0x00000000c6700000| Complete 
|  76|0x00000000c6800000, 0x00000000c6900000, 0x00000000c6900000|100%| E|CS|TAMS 0x00000000c6800000, 0x00000000c6800000| Complete 
|  77|0x00000000c6900000, 0x00000000c6a00000, 0x00000000c6a00000|100%| E|CS|TAMS 0x00000000c6900000, 0x00000000c6900000| Complete 
|  78|0x00000000c6a00000, 0x00000000c6b00000, 0x00000000c6b00000|100%| E|CS|TAMS 0x00000000c6a00000, 0x00000000c6a00000| Complete 
|  79|0x00000000c6b00000, 0x00000000c6c00000, 0x00000000c6c00000|100%| E|CS|TAMS 0x00000000c6b00000, 0x00000000c6b00000| Complete 
|  80|0x00000000c6c00000, 0x00000000c6d00000, 0x00000000c6d00000|100%| E|CS|TAMS 0x00000000c6c00000, 0x00000000c6c00000| Complete 
|  81|0x00000000c6d00000, 0x00000000c6e00000, 0x00000000c6e00000|100%| E|CS|TAMS 0x00000000c6d00000, 0x00000000c6d00000| Complete 
|  82|0x00000000c6e00000, 0x00000000c6f00000, 0x00000000c6f00000|100%| E|CS|TAMS 0x00000000c6e00000, 0x00000000c6e00000| Complete 
|  83|0x00000000c6f00000, 0x00000000c7000000, 0x00000000c7000000|100%| E|CS|TAMS 0x00000000c6f00000, 0x00000000c6f00000| Complete 
|  84|0x00000000c7000000, 0x00000000c7100000, 0x00000000c7100000|100%| E|CS|TAMS 0x00000000c7000000, 0x00000000c7000000| Complete 
|  85|0x00000000c7100000, 0x00000000c7200000, 0x00000000c7200000|100%| E|CS|TAMS 0x00000000c7100000, 0x00000000c7100000| Complete 
|  86|0x00000000c7200000, 0x00000000c7300000, 0x00000000c7300000|100%| E|CS|TAMS 0x00000000c7200000, 0x00000000c7200000| Complete 
|  87|0x00000000c7300000, 0x00000000c7400000, 0x00000000c7400000|100%| E|CS|TAMS 0x00000000c7300000, 0x00000000c7300000| Complete 
|  88|0x00000000c7400000, 0x00000000c7500000, 0x00000000c7500000|100%| E|CS|TAMS 0x00000000c7400000, 0x00000000c7400000| Complete 
|  89|0x00000000c7500000, 0x00000000c7600000, 0x00000000c7600000|100%| E|CS|TAMS 0x00000000c7500000, 0x00000000c7500000| Complete 
|  90|0x00000000c7600000, 0x00000000c7700000, 0x00000000c7700000|100%| E|CS|TAMS 0x00000000c7600000, 0x00000000c7600000| Complete 
|  91|0x00000000c7700000, 0x00000000c7800000, 0x00000000c7800000|100%| E|CS|TAMS 0x00000000c7700000, 0x00000000c7700000| Complete 
|  92|0x00000000c7800000, 0x00000000c7900000, 0x00000000c7900000|100%| E|CS|TAMS 0x00000000c7800000, 0x00000000c7800000| Complete 
|  93|0x00000000c7900000, 0x00000000c7a00000, 0x00000000c7a00000|100%| E|CS|TAMS 0x00000000c7900000, 0x00000000c7900000| Complete 
|  94|0x00000000c7a00000, 0x00000000c7b00000, 0x00000000c7b00000|100%| E|CS|TAMS 0x00000000c7a00000, 0x00000000c7a00000| Complete 
|  95|0x00000000c7b00000, 0x00000000c7c00000, 0x00000000c7c00000|100%| E|CS|TAMS 0x00000000c7b00000, 0x00000000c7b00000| Complete 
|  96|0x00000000c7c00000, 0x00000000c7d00000, 0x00000000c7d00000|100%| E|CS|TAMS 0x00000000c7c00000, 0x00000000c7c00000| Complete 
|  97|0x00000000c7d00000, 0x00000000c7e00000, 0x00000000c7e00000|100%| E|CS|TAMS 0x00000000c7d00000, 0x00000000c7d00000| Complete 
|  98|0x00000000c7e00000, 0x00000000c7f00000, 0x00000000c7f00000|100%| E|CS|TAMS 0x00000000c7e00000, 0x00000000c7e00000| Complete 
|  99|0x00000000c7f00000, 0x00000000c8000000, 0x00000000c8000000|100%| E|CS|TAMS 0x00000000c7f00000, 0x00000000c7f00000| Complete 
| 100|0x00000000c8000000, 0x00000000c8100000, 0x00000000c8100000|100%| E|CS|TAMS 0x00000000c8000000, 0x00000000c8000000| Complete 
| 101|0x00000000c8100000, 0x00000000c8200000, 0x00000000c8200000|100%| E|CS|TAMS 0x00000000c8100000, 0x00000000c8100000| Complete 
| 102|0x00000000c8200000, 0x00000000c8300000, 0x00000000c8300000|100%| E|CS|TAMS 0x00000000c8200000, 0x00000000c8200000| Complete 
| 103|0x00000000c8300000, 0x00000000c8400000, 0x00000000c8400000|100%| E|CS|TAMS 0x00000000c8300000, 0x00000000c8300000| Complete 
| 104|0x00000000c8400000, 0x00000000c8500000, 0x00000000c8500000|100%| E|CS|TAMS 0x00000000c8400000, 0x00000000c8400000| Complete 
| 105|0x00000000c8500000, 0x00000000c8600000, 0x00000000c8600000|100%| E|CS|TAMS 0x00000000c8500000, 0x00000000c8500000| Complete 
| 106|0x00000000c8600000, 0x00000000c8700000, 0x00000000c8700000|100%| E|CS|TAMS 0x00000000c8600000, 0x00000000c8600000| Complete 
| 107|0x00000000c8700000, 0x00000000c8800000, 0x00000000c8800000|100%| E|CS|TAMS 0x00000000c8700000, 0x00000000c8700000| Complete 
| 108|0x00000000c8800000, 0x00000000c8900000, 0x00000000c8900000|100%| E|CS|TAMS 0x00000000c8800000, 0x00000000c8800000| Complete 
| 109|0x00000000c8900000, 0x00000000c8a00000, 0x00000000c8a00000|100%| E|CS|TAMS 0x00000000c8900000, 0x00000000c8900000| Complete 
| 110|0x00000000c8a00000, 0x00000000c8b00000, 0x00000000c8b00000|100%| E|CS|TAMS 0x00000000c8a00000, 0x00000000c8a00000| Complete 
| 111|0x00000000c8b00000, 0x00000000c8c00000, 0x00000000c8c00000|100%| E|CS|TAMS 0x00000000c8b00000, 0x00000000c8b00000| Complete 
| 112|0x00000000c8c00000, 0x00000000c8d00000, 0x00000000c8d00000|100%| E|CS|TAMS 0x00000000c8c00000, 0x00000000c8c00000| Complete 
| 113|0x00000000c8d00000, 0x00000000c8e00000, 0x00000000c8e00000|100%| E|CS|TAMS 0x00000000c8d00000, 0x00000000c8d00000| Complete 
| 114|0x00000000c8e00000, 0x00000000c8f00000, 0x00000000c8f00000|100%| E|CS|TAMS 0x00000000c8e00000, 0x00000000c8e00000| Complete 
| 115|0x00000000c8f00000, 0x00000000c9000000, 0x00000000c9000000|100%| E|CS|TAMS 0x00000000c8f00000, 0x00000000c8f00000| Complete 
| 116|0x00000000c9000000, 0x00000000c9100000, 0x00000000c9100000|100%| E|CS|TAMS 0x00000000c9000000, 0x00000000c9000000| Complete 
| 117|0x00000000c9100000, 0x00000000c9200000, 0x00000000c9200000|100%| E|CS|TAMS 0x00000000c9100000, 0x00000000c9100000| Complete 
| 118|0x00000000c9200000, 0x00000000c9300000, 0x00000000c9300000|100%| E|CS|TAMS 0x00000000c9200000, 0x00000000c9200000| Complete 
| 119|0x00000000c9300000, 0x00000000c9400000, 0x00000000c9400000|100%| E|CS|TAMS 0x00000000c9300000, 0x00000000c9300000| Complete 
| 120|0x00000000c9400000, 0x00000000c9500000, 0x00000000c9500000|100%| E|CS|TAMS 0x00000000c9400000, 0x00000000c9400000| Complete 
| 121|0x00000000c9500000, 0x00000000c9600000, 0x00000000c9600000|100%| E|CS|TAMS 0x00000000c9500000, 0x00000000c9500000| Complete 
| 122|0x00000000c9600000, 0x00000000c9700000, 0x00000000c9700000|100%| E|CS|TAMS 0x00000000c9600000, 0x00000000c9600000| Complete 
| 123|0x00000000c9700000, 0x00000000c9800000, 0x00000000c9800000|100%| E|CS|TAMS 0x00000000c9700000, 0x00000000c9700000| Complete 
| 124|0x00000000c9800000, 0x00000000c9900000, 0x00000000c9900000|100%| E|CS|TAMS 0x00000000c9800000, 0x00000000c9800000| Complete 
| 125|0x00000000c9900000, 0x00000000c9a00000, 0x00000000c9a00000|100%| E|CS|TAMS 0x00000000c9900000, 0x00000000c9900000| Complete 
| 126|0x00000000c9a00000, 0x00000000c9b00000, 0x00000000c9b00000|100%| E|CS|TAMS 0x00000000c9a00000, 0x00000000c9a00000| Complete 
| 995|0x00000000fff00000, 0x0000000100000000, 0x0000000100000000|100%| O|  |TAMS 0x0000000100000000, 0x00000000fff00000| Untracked 

Card table byte_map: [0x000001b6cf7b0000,0x000001b6cf9b0000] _byte_map_base: 0x000001b6cf1a2000

Marking Bits (Prev, Next): (CMBitMap*) 0x000001b6bd066a40, (CMBitMap*) 0x000001b6bd066a80
 Prev Bits: [0x000001b6cfbb0000, 0x000001b6d0b40000)
 Next Bits: [0x000001b6d0b40000, 0x000001b6d1ad0000)

Polling page: 0x000001b6bafd0000

Metaspace:

Usage:
  Non-class:     48.29 MB used.
      Class:      7.05 MB used.
       Both:     55.34 MB used.

Virtual space:
  Non-class space:       56.00 MB reserved,      48.44 MB ( 86%) committed,  7 nodes.
      Class space:        1.00 GB reserved,       7.25 MB ( <1%) committed,  1 nodes.
              Both:        1.05 GB reserved,      55.69 MB (  5%) committed. 

Chunk freelists:
   Non-Class:  3.45 MB
       Class:  752.00 KB
        Both:  4.19 MB

MaxMetaspaceSize: 17179869184.00 GB
CompressedClassSpaceSize: 1.00 GB
 - commit_granule_bytes: 65536.
 - commit_granule_words: 8192.
 - virtual_space_node_default_size: 1048576.
 - enlarge_chunks_in_place: 1.
 - new_chunks_are_fully_committed: 0.
 - uncommit_free_chunks: 1.
 - use_allocation_guard: 0.
 - handle_deallocations: 1.


Internal statistics:

num_allocs_failed_limit: 8.
num_arena_births: 362.
num_arena_deaths: 0.
num_vsnodes_births: 8.
num_vsnodes_deaths: 0.
num_space_committed: 891.
num_space_uncommitted: 0.
num_chunks_returned_to_freelist: 8.
num_chunks_taken_from_freelist: 2061.
num_chunk_merges: 8.
num_chunk_splits: 1475.
num_chunks_enlarged: 1183.
num_purges: 0.

CodeHeap 'non-profiled nmethods': size=120000Kb used=2486Kb max_used=2486Kb free=117513Kb
 bounds [0x000001b6c8080000, 0x000001b6c82f0000, 0x000001b6cf5b0000]
CodeHeap 'profiled nmethods': size=120000Kb used=10075Kb max_used=10075Kb free=109925Kb
 bounds [0x000001b6c0b50000, 0x000001b6c1530000, 0x000001b6c8080000]
CodeHeap 'non-nmethods': size=5760Kb used=1257Kb max_used=1295Kb free=4502Kb
 bounds [0x000001b6c05b0000, 0x000001b6c0820000, 0x000001b6c0b50000]
 total_blobs=5538 nmethods=4974 adapters=476
 compilation: enabled
              stopped_count=0, restarted_count=0
 full_count=0

Compilation events (20 events):
Event: 16.140 Thread 0x000001b6d3fad790 5006       2       org.hibernate.mapping.SimpleValue::getColumnIterator (10 bytes)
Event: 16.140 Thread 0x000001b6d3fad790 nmethod 5006 0x000001b6c1521e10 code [0x000001b6c1521fc0, 0x000001b6c15220e8]
Event: 16.157 Thread 0x000001b6d3fad790 5008       2       java.util.ImmutableCollections$AbstractImmutableList::<init> (5 bytes)
Event: 16.157 Thread 0x000001b6d3fad790 nmethod 5008 0x000001b6c1522190 code [0x000001b6c1522320, 0x000001b6c1522418]
Event: 16.160 Thread 0x000001b6d3fad790 5009       2       java.lang.Character::isDigit (9 bytes)
Event: 16.161 Thread 0x000001b6d3fad790 nmethod 5009 0x000001b6c1522490 code [0x000001b6c1522640, 0x000001b6c1522778]
Event: 16.187 Thread 0x000001b6d3fad790 5012       2       java.util.concurrent.atomic.AtomicInteger::getAndAdd (12 bytes)
Event: 16.187 Thread 0x000001b6d3fad790 nmethod 5012 0x000001b6c1522810 code [0x000001b6c15229a0, 0x000001b6c1522ab8]
Event: 16.241 Thread 0x000001b6d3fad790 5013       2       java.util.regex.Pattern$Begin::match (62 bytes)
Event: 16.241 Thread 0x000001b6d3fad790 nmethod 5013 0x000001b6c1522b90 code [0x000001b6c1522d40, 0x000001b6c1522f48]
Event: 16.364 Thread 0x000001b6d3fad790 5014       2       java.util.jar.JarFile::getJarEntry (9 bytes)
Event: 16.365 Thread 0x000001b6d3fad790 nmethod 5014 0x000001b6c1523090 code [0x000001b6c1523240, 0x000001b6c15233a8]
Event: 16.381 Thread 0x000001b6d3fad790 5015       1       org.hibernate.tuple.AbstractAttribute::getName (5 bytes)
Event: 16.381 Thread 0x000001b6d3fad790 nmethod 5015 0x000001b6c82ebd10 code [0x000001b6c82ebea0, 0x000001b6c82ebf78]
Event: 16.397 Thread 0x000001b6d3fad790 5016       1       org.hibernate.tuple.AbstractAttribute::getType (5 bytes)
Event: 16.398 Thread 0x000001b6d3fad790 nmethod 5016 0x000001b6c82ec010 code [0x000001b6c82ec1a0, 0x000001b6c82ec278]
Event: 16.423 Thread 0x000001b6d3fad790 5017       2       java.lang.ThreadLocal::<init> (12 bytes)
Event: 16.424 Thread 0x000001b6d3fad790 nmethod 5017 0x000001b6c1523490 code [0x000001b6c1523640, 0x000001b6c1523788]
Event: 16.424 Thread 0x000001b6d3fad790 5018       2       java.lang.ThreadLocal::nextHashCode (9 bytes)
Event: 16.424 Thread 0x000001b6d3fad790 nmethod 5018 0x000001b6c1523890 code [0x000001b6c1523a40, 0x000001b6c1523b68]

GC Heap History (20 events):
Event: 6.150 GC heap before
{Heap before GC invocations=8 (full 0):
 garbage-first heap   total 46080K, used 32915K [0x00000000c1c00000, 0x0000000100000000)
  region size 1024K, 23 young (23552K), 2 survivors (2048K)
 Metaspace       used 28053K, committed 28352K, reserved 1081344K
  class space    used 3212K, committed 3328K, reserved 1048576K
}
Event: 6.155 GC heap after
{Heap after GC invocations=9 (full 0):
 garbage-first heap   total 46080K, used 12998K [0x00000000c1c00000, 0x0000000100000000)
  region size 1024K, 3 young (3072K), 3 survivors (3072K)
 Metaspace       used 28053K, committed 28352K, reserved 1081344K
  class space    used 3212K, committed 3328K, reserved 1048576K
}
Event: 7.140 GC heap before
{Heap before GC invocations=9 (full 0):
 garbage-first heap   total 46080K, used 34502K [0x00000000c1c00000, 0x0000000100000000)
  region size 1024K, 24 young (24576K), 3 survivors (3072K)
 Metaspace       used 30202K, committed 30400K, reserved 1081344K
  class space    used 3478K, committed 3584K, reserved 1048576K
}
Event: 7.146 GC heap after
{Heap after GC invocations=10 (full 0):
 garbage-first heap   total 46080K, used 14032K [0x00000000c1c00000, 0x0000000100000000)
  region size 1024K, 3 young (3072K), 3 survivors (3072K)
 Metaspace       used 30202K, committed 30400K, reserved 1081344K
  class space    used 3478K, committed 3584K, reserved 1048576K
}
Event: 8.133 GC heap before
{Heap before GC invocations=10 (full 0):
 garbage-first heap   total 46080K, used 34512K [0x00000000c1c00000, 0x0000000100000000)
  region size 1024K, 23 young (23552K), 3 survivors (3072K)
 Metaspace       used 33194K, committed 33472K, reserved 1081344K
  class space    used 3888K, committed 4032K, reserved 1048576K
}
Event: 8.139 GC heap after
{Heap after GC invocations=11 (full 0):
 garbage-first heap   total 46080K, used 15620K [0x00000000c1c00000, 0x0000000100000000)
  region size 1024K, 3 young (3072K), 3 survivors (3072K)
 Metaspace       used 33194K, committed 33472K, reserved 1081344K
  class space    used 3888K, committed 4032K, reserved 1048576K
}
Event: 8.763 GC heap before
{Heap before GC invocations=11 (full 0):
 garbage-first heap   total 46080K, used 25860K [0x00000000c1c00000, 0x0000000100000000)
  region size 1024K, 15 young (15360K), 3 survivors (3072K)
 Metaspace       used 35305K, committed 35648K, reserved 1081344K
  class space    used 4228K, committed 4416K, reserved 1048576K
}
Event: 8.772 GC heap after
{Heap after GC invocations=12 (full 0):
 garbage-first heap   total 46080K, used 16891K [0x00000000c1c00000, 0x0000000100000000)
  region size 1024K, 2 young (2048K), 2 survivors (2048K)
 Metaspace       used 35305K, committed 35648K, reserved 1081344K
  class space    used 4228K, committed 4416K, reserved 1048576K
}
Event: 9.769 GC heap before
{Heap before GC invocations=13 (full 0):
 garbage-first heap   total 46080K, used 34299K [0x00000000c1c00000, 0x0000000100000000)
  region size 1024K, 20 young (20480K), 2 survivors (2048K)
 Metaspace       used 37374K, committed 37696K, reserved 1089536K
  class space    used 4453K, committed 4608K, reserved 1048576K
}
Event: 9.775 GC heap after
{Heap after GC invocations=14 (full 0):
 garbage-first heap   total 46080K, used 17731K [0x00000000c1c00000, 0x0000000100000000)
  region size 1024K, 3 young (3072K), 3 survivors (3072K)
 Metaspace       used 37374K, committed 37696K, reserved 1089536K
  class space    used 4453K, committed 4608K, reserved 1048576K
}
Event: 9.779 GC heap before
{Heap before GC invocations=14 (full 0):
 garbage-first heap   total 46080K, used 34115K [0x00000000c1c00000, 0x0000000100000000)
  region size 1024K, 20 young (20480K), 3 survivors (3072K)
 Metaspace       used 37374K, committed 37696K, reserved 1089536K
  class space    used 4453K, committed 4608K, reserved 1048576K
}
Event: 9.784 GC heap after
{Heap after GC invocations=15 (full 0):
 garbage-first heap   total 46080K, used 17934K [0x00000000c1c00000, 0x0000000100000000)
  region size 1024K, 2 young (2048K), 2 survivors (2048K)
 Metaspace       used 37374K, committed 37696K, reserved 1089536K
  class space    used 4453K, committed 4608K, reserved 1048576K
}
Event: 9.898 GC heap before
{Heap before GC invocations=15 (full 0):
 garbage-first heap   total 46080K, used 34318K [0x00000000c1c00000, 0x0000000100000000)
  region size 1024K, 19 young (19456K), 2 survivors (2048K)
 Metaspace       used 37624K, committed 37888K, reserved 1089536K
  class space    used 4478K, committed 4608K, reserved 1048576K
}
Event: 9.900 GC heap after
{Heap after GC invocations=16 (full 0):
 garbage-first heap   total 46080K, used 17788K [0x00000000c1c00000, 0x0000000100000000)
  region size 1024K, 2 young (2048K), 2 survivors (2048K)
 Metaspace       used 37624K, committed 37888K, reserved 1089536K
  class space    used 4478K, committed 4608K, reserved 1048576K
}
Event: 10.015 GC heap before
{Heap before GC invocations=16 (full 0):
 garbage-first heap   total 46080K, used 35196K [0x00000000c1c00000, 0x0000000100000000)
  region size 1024K, 20 young (20480K), 2 survivors (2048K)
 Metaspace       used 38110K, committed 38464K, reserved 1089536K
  class space    used 4515K, committed 4672K, reserved 1048576K
}
Event: 10.018 GC heap after
{Heap after GC invocations=17 (full 0):
 garbage-first heap   total 46080K, used 18261K [0x00000000c1c00000, 0x0000000100000000)
  region size 1024K, 2 young (2048K), 2 survivors (2048K)
 Metaspace       used 38110K, committed 38464K, reserved 1089536K
  class space    used 4515K, committed 4672K, reserved 1048576K
}
Event: 10.022 GC heap before
{Heap before GC invocations=17 (full 0):
 garbage-first heap   total 46080K, used 35669K [0x00000000c1c00000, 0x0000000100000000)
  region size 1024K, 20 young (20480K), 2 survivors (2048K)
 Metaspace       used 38110K, committed 38464K, reserved 1089536K
  class space    used 4515K, committed 4672K, reserved 1048576K
}
Event: 10.025 GC heap after
{Heap after GC invocations=18 (full 0):
 garbage-first heap   total 46080K, used 18312K [0x00000000c1c00000, 0x0000000100000000)
  region size 1024K, 2 young (2048K), 2 survivors (2048K)
 Metaspace       used 38110K, committed 38464K, reserved 1089536K
  class space    used 4515K, committed 4672K, reserved 1048576K
}
Event: 10.426 GC heap before
{Heap before GC invocations=18 (full 0):
 garbage-first heap   total 46080K, used 35720K [0x00000000c1c00000, 0x0000000100000000)
  region size 1024K, 20 young (20480K), 2 survivors (2048K)
 Metaspace       used 39190K, committed 39488K, reserved 1089536K
  class space    used 4651K, committed 4800K, reserved 1048576K
}
Event: 10.431 GC heap after
{Heap after GC invocations=19 (full 0):
 garbage-first heap   total 131072K, used 18650K [0x00000000c1c00000, 0x0000000100000000)
  region size 1024K, 2 young (2048K), 2 survivors (2048K)
 Metaspace       used 39190K, committed 39488K, reserved 1089536K
  class space    used 4651K, committed 4800K, reserved 1048576K
}

Deoptimization events (20 events):
Event: 15.633 Thread 0x000001b6d3fbba20 Uncommon trap: trap_request=0xffffffbe fr.pc=0x000001b6c82cc7fc relative=0x000000000000083c
Event: 15.633 Thread 0x000001b6d3fbba20 Uncommon trap: reason=profile_predicate action=maybe_recompile pc=0x000001b6c82cc7fc method=java.lang.PublicMethods$MethodList.filter([Ljava/lang/reflect/Method;Ljava/lang/String;[Ljava/lang/Class;Z)Ljava/lang/PublicMethods$MethodList; @ 21 c2
Event: 15.633 Thread 0x000001b6d3fbba20 DEOPT PACKING pc=0x000001b6c82cc7fc sp=0x000000269b8fa430
Event: 15.633 Thread 0x000001b6d3fbba20 DEOPT UNPACKING pc=0x000001b6c05fd72e sp=0x000000269b8fa3e8 mode 2
Event: 15.633 Thread 0x000001b6d3fbba20 Uncommon trap: trap_request=0xffffffbe fr.pc=0x000001b6c82cc7fc relative=0x000000000000083c
Event: 15.633 Thread 0x000001b6d3fbba20 Uncommon trap: reason=profile_predicate action=maybe_recompile pc=0x000001b6c82cc7fc method=java.lang.PublicMethods$MethodList.filter([Ljava/lang/reflect/Method;Ljava/lang/String;[Ljava/lang/Class;Z)Ljava/lang/PublicMethods$MethodList; @ 21 c2
Event: 15.633 Thread 0x000001b6d3fbba20 DEOPT PACKING pc=0x000001b6c82cc7fc sp=0x000000269b8fa430
Event: 15.633 Thread 0x000001b6d3fbba20 DEOPT UNPACKING pc=0x000001b6c05fd72e sp=0x000000269b8fa3e8 mode 2
Event: 15.804 Thread 0x000001b6d3fbba20 Uncommon trap: trap_request=0xffffff45 fr.pc=0x000001b6c82c8700 relative=0x00000000000006a0
Event: 15.804 Thread 0x000001b6d3fbba20 Uncommon trap: reason=unstable_if action=reinterpret pc=0x000001b6c82c8700 method=java.util.HashMap$HashIterator.<init>(Ljava/util/HashMap;)V @ 45 c2
Event: 15.804 Thread 0x000001b6d3fbba20 DEOPT PACKING pc=0x000001b6c82c8700 sp=0x000000269b8fb560
Event: 15.804 Thread 0x000001b6d3fbba20 DEOPT UNPACKING pc=0x000001b6c05fd72e sp=0x000000269b8fb3f0 mode 2
Event: 16.352 Thread 0x000001b6d3fbba20 Uncommon trap: trap_request=0xffffff54 fr.pc=0x000001b6c824425c relative=0x000000000000355c
Event: 16.352 Thread 0x000001b6d3fbba20 Uncommon trap: reason=speculate_null_assert action=make_not_entrant pc=0x000001b6c824425c method=java.util.jar.JarFile.getVersionedEntry(Ljava/lang/String;Ljava/util/jar/JarEntry;)Ljava/util/jar/JarEntry; @ 115 c2
Event: 16.352 Thread 0x000001b6d3fbba20 DEOPT PACKING pc=0x000001b6c824425c sp=0x000000269b8fa1f0
Event: 16.352 Thread 0x000001b6d3fbba20 DEOPT UNPACKING pc=0x000001b6c05fd72e sp=0x000000269b8fa140 mode 2
Event: 16.385 Thread 0x000001b6d3fbba20 Uncommon trap: trap_request=0xffffff45 fr.pc=0x000001b6c8192910 relative=0x00000000000001f0
Event: 16.385 Thread 0x000001b6d3fbba20 Uncommon trap: reason=unstable_if action=reinterpret pc=0x000001b6c8192910 method=java.util.HashMap.getNode(Ljava/lang/Object;)Ljava/util/HashMap$Node; @ 66 c2
Event: 16.385 Thread 0x000001b6d3fbba20 DEOPT PACKING pc=0x000001b6c8192910 sp=0x000000269b8fcfa0
Event: 16.385 Thread 0x000001b6d3fbba20 DEOPT UNPACKING pc=0x000001b6c05fd72e sp=0x000000269b8fceb8 mode 2

Classes unloaded (0 events):
No events

Classes redefined (0 events):
No events

Internal exceptions (20 events):
Event: 8.639 Thread 0x000001b6d3fbba20 Implicit null exception at 0x000001b6c81af6e0 to 0x000001b6c81af934
Event: 8.672 Thread 0x000001b6d3fbba20 Exception <a 'java/lang/NoSuchMethodError'{0x00000000c3e09db0}: 'void java.lang.invoke.DirectMethodHandle$Holder.invokeInterface(java.lang.Object, java.lang.Object, int)'> (0x00000000c3e09db0) 
thrown [t:\workspace\open\src\hotspot\share\interpreter\linkResolver.cpp, line 790]
Event: 8.676 Thread 0x000001b6d3fbba20 Exception <a 'java/lang/NoSuchMethodError'{0x00000000c3e247c0}: 'int java.lang.invoke.DirectMethodHandle$Holder.invokeVirtual(java.lang.Object, java.lang.Object)'> (0x00000000c3e247c0) 
thrown [t:\workspace\open\src\hotspot\share\interpreter\linkResolver.cpp, line 790]
Event: 8.682 Thread 0x000001b6d3fbba20 Exception <a 'java/lang/IncompatibleClassChangeError'{0x00000000c3e601c8}: Found class java.lang.Object, but interface was expected> (0x00000000c3e601c8) 
thrown [t:\workspace\open\src\hotspot\share\interpreter\linkResolver.cpp, line 857]
Event: 8.682 Thread 0x000001b6d3fbba20 Exception <a 'java/lang/NoSuchMethodError'{0x00000000c3e65600}: 'void java.lang.invoke.DirectMethodHandle$Holder.invokeStatic(java.lang.Object, int, java.lang.Object)'> (0x00000000c3e65600) 
thrown [t:\workspace\open\src\hotspot\share\interpreter\linkResolver.cpp, line 790]
Event: 8.688 Thread 0x000001b6d3fbba20 Exception <a 'java/lang/NoSuchMethodError'{0x00000000c3e9b788}: 'int java.lang.invoke.DirectMethodHandle$Holder.invokeSpecial(java.lang.Object, java.lang.Object, int)'> (0x00000000c3e9b788) 
thrown [t:\workspace\open\src\hotspot\share\interpreter\linkResolver.cpp, line 790]
Event: 8.886 Thread 0x000001b6d3fbba20 Exception <a 'java/lang/NoSuchMethodError'{0x00000000c4dc0d50}: 'java.lang.Object java.lang.invoke.DirectMethodHandle$Holder.invokeStaticInit(java.lang.Object, int, int, int, int)'> (0x00000000c4dc0d50) 
thrown [t:\workspace\open\src\hotspot\share\interpreter\linkResolver.cpp, line 790]
Event: 9.497 Thread 0x000001b6d3fbba20 Exception <a 'java/lang/NoSuchMethodError'{0x00000000c4c888e0}: 'java.lang.Object java.lang.invoke.DirectMethodHandle$Holder.invokeStaticInit(java.lang.Object, java.lang.Object, int, int, int, int)'> (0x00000000c4c888e0) 
thrown [t:\workspace\open\src\hotspot\share\interpreter\linkResolver.cpp, line 790]
Event: 9.987 Thread 0x000001b6d3fbba20 Implicit null exception at 0x000001b6c812d928 to 0x000001b6c812f1d4
Event: 10.150 Thread 0x000001b6d3fbba20 Exception <a 'java/io/FileNotFoundException'{0x00000000c3e5f5a0}> (0x00000000c3e5f5a0) 
thrown [t:\workspace\open\src\hotspot\share\prims\jni.cpp, line 579]
Event: 10.215 Thread 0x000001b6d3fbba20 Exception <a 'java/lang/NoSuchMethodError'{0x00000000c3c06450}: 'int java.lang.invoke.DirectMethodHandle$Holder.invokeInterface(java.lang.Object, java.lang.Object, java.lang.Object, java.lang.Object)'> (0x00000000c3c06450) 
thrown [t:\workspace\open\src\hotspot\share\interpreter\linkResolver.cpp, line 790]
Event: 10.302 Thread 0x000001b6d3fbba20 Exception <a 'java/io/FileNotFoundException'{0x00000000c3a25850}> (0x00000000c3a25850) 
thrown [t:\workspace\open\src\hotspot\share\prims\jni.cpp, line 579]
Event: 10.531 Thread 0x000001b6d3fbba20 Implicit null exception at 0x000001b6c81c1aa0 to 0x000001b6c81c1d04
Event: 12.817 Thread 0x000001b6d3fbba20 Exception <a 'sun/nio/fs/WindowsException'{0x00000000c8355bb0}> (0x00000000c8355bb0) 
thrown [t:\workspace\open\src\hotspot\share\prims\jni.cpp, line 579]
Event: 14.623 Thread 0x000001b6d3fbba20 Exception <a 'java/lang/NoSuchMethodError'{0x00000000c7aa7ef0}: 'java.lang.Object java.lang.invoke.DirectMethodHandle$Holder.invokeStaticInit(java.lang.Object, java.lang.Object, java.lang.Object, java.lang.Object)'> (0x00000000c7aa7ef0) 
thrown [t:\workspace\open\src\hotspot\share\interpreter\linkResolver.cpp, line 790]
Event: 15.092 Thread 0x000001b6d3fbba20 Exception <a 'java/lang/NoSuchMethodError'{0x00000000c6f70030}: 'java.lang.Object java.lang.invoke.DirectMethodHandle$Holder.newInvokeSpecial(java.lang.Object, java.lang.Object, int, java.lang.Object, java.lang.Object)'> (0x00000000c6f70030) 
thrown [t:\workspace\open\src\hotspot\share\interpreter\linkResolver.cpp, line 790]
Event: 16.157 Thread 0x000001b6d3fbba20 Exception <a 'java/lang/NoSuchMethodError'{0x00000000c59de480}: 'void java.lang.invoke.DirectMethodHandle$Holder.invokeInterface(java.lang.Object, java.lang.Object)'> (0x00000000c59de480) 
thrown [t:\workspace\open\src\hotspot\share\interpreter\linkResolver.cpp, line 790]
Event: 16.161 Thread 0x000001b6d3fbba20 Exception <a 'java/lang/NoSuchMethodError'{0x00000000c59f10c8}: 'int java.lang.invoke.DirectMethodHandle$Holder.invokeStatic(java.lang.Object, java.lang.Object, int)'> (0x00000000c59f10c8) 
thrown [t:\workspace\open\src\hotspot\share\interpreter\linkResolver.cpp, line 790]
Event: 16.181 Thread 0x000001b6d3fbba20 Exception <a 'java/lang/NoSuchMethodError'{0x00000000c58832f0}: 'java.lang.Object java.lang.invoke.DirectMethodHandle$Holder.invokeStaticInit(java.lang.Object, java.lang.Object, java.lang.Object, java.lang.Object, int, int)'> (0x00000000c58832f0) 
thrown [t:\workspace\open\src\hotspot\share\interpreter\linkResolver.cpp, line 790]
Event: 16.276 Thread 0x000001b6d3fbba20 Exception <a 'java/lang/NoSuchMethodError'{0x00000000c5726d88}: 'void java.lang.invoke.DirectMethodHandle$Holder.invokeStaticInit(java.lang.Object, java.lang.Object, java.lang.Object, java.lang.Object)'> (0x00000000c5726d88) 
thrown [t:\workspace\open\src\hotspot\share\interpreter\linkResolver.cpp, line 790]

Events (20 events):
Event: 16.123 Executing  VM operation: ICBufferFull
Event: 16.123 Executing  VM operation: ICBufferFull done
Event: 16.243 loading class java/lang/InheritableThreadLocal
Event: 16.243 loading class java/lang/InheritableThreadLocal done
Event: 16.244 Executing  VM operation: HandshakeAllThreads
Event: 16.244 Executing  VM operation: HandshakeAllThreads done
Event: 16.274 loading class java/io/StreamCorruptedException
Event: 16.275 loading class java/io/StreamCorruptedException done
Event: 16.278 loading class java/io/ObjectInputStream$GetField
Event: 16.341 loading class java/io/ObjectInputStream$GetField done
Event: 16.341 loading class java/io/ObjectInputValidation
Event: 16.341 loading class java/io/ObjectInputValidation done
Event: 16.341 loading class java/io/NotActiveException
Event: 16.342 loading class java/io/NotActiveException done
Event: 16.342 loading class java/io/ObjectInputFilter
Event: 16.351 loading class java/io/ObjectInputFilter done
Event: 16.354 loading class java/io/ObjectInputFilter$FilterInfo
Event: 16.354 loading class java/io/ObjectInputFilter$FilterInfo done
Event: 16.354 loading class java/io/ObjectInputFilter$Status
Event: 16.354 loading class java/io/ObjectInputFilter$Status done


Dynamic libraries:
0x00007ff64e2e0000 - 0x00007ff64e2ee000 	C:\Users\willi\.p2\pool\plugins\org.eclipse.justj.openjdk.hotspot.jre.full.win32.x86_64_16.0.2.v20210721-1149\jre\bin\javaw.exe
0x00007ffb1ebd0000 - 0x00007ffb1edc5000 	C:\Windows\SYSTEM32\ntdll.dll
0x00007ffb1cfc0000 - 0x00007ffb1d07e000 	C:\Windows\System32\KERNEL32.DLL
0x00007ffb1c2f0000 - 0x00007ffb1c5b8000 	C:\Windows\System32\KERNELBASE.dll
0x00007ffb1c670000 - 0x00007ffb1c770000 	C:\Windows\System32\ucrtbase.dll
0x00007ffb002f0000 - 0x00007ffb00309000 	C:\Users\willi\.p2\pool\plugins\org.eclipse.justj.openjdk.hotspot.jre.full.win32.x86_64_16.0.2.v20210721-1149\jre\bin\VCRUNTIME140.dll
0x00007ffb02f70000 - 0x00007ffb02f88000 	C:\Users\willi\.p2\pool\plugins\org.eclipse.justj.openjdk.hotspot.jre.full.win32.x86_64_16.0.2.v20210721-1149\jre\bin\jli.dll
0x00007ffb1ce10000 - 0x00007ffb1cfb1000 	C:\Windows\System32\USER32.dll
0x00007ffb1cb00000 - 0x00007ffb1cb22000 	C:\Windows\System32\win32u.dll
0x00007ffb1d4d0000 - 0x00007ffb1d4fb000 	C:\Windows\System32\GDI32.dll
0x00007ffb07a70000 - 0x00007ffb07d0a000 	C:\Windows\WinSxS\amd64_microsoft.windows.common-controls_6595b64144ccf1df_6.0.19041.1110_none_60b5254171f9507e\COMCTL32.dll
0x00007ffb1c9f0000 - 0x00007ffb1cafb000 	C:\Windows\System32\gdi32full.dll
0x00007ffb1dc50000 - 0x00007ffb1dcee000 	C:\Windows\System32\msvcrt.dll
0x00007ffb1cb80000 - 0x00007ffb1cc1d000 	C:\Windows\System32\msvcp_win.dll
0x00007ffb1df30000 - 0x00007ffb1df60000 	C:\Windows\System32\IMM32.DLL
0x00007ffb169a0000 - 0x00007ffb169ac000 	C:\Users\willi\.p2\pool\plugins\org.eclipse.justj.openjdk.hotspot.jre.full.win32.x86_64_16.0.2.v20210721-1149\jre\bin\vcruntime140_1.dll
0x00007ffaf24f0000 - 0x00007ffaf2581000 	C:\Users\willi\.p2\pool\plugins\org.eclipse.justj.openjdk.hotspot.jre.full.win32.x86_64_16.0.2.v20210721-1149\jre\bin\msvcp140.dll
0x00007ffae0940000 - 0x00007ffae14eb000 	C:\Users\willi\.p2\pool\plugins\org.eclipse.justj.openjdk.hotspot.jre.full.win32.x86_64_16.0.2.v20210721-1149\jre\bin\server\jvm.dll
0x00007ffb1d420000 - 0x00007ffb1d4cc000 	C:\Windows\System32\ADVAPI32.dll
0x00007ffb1dda0000 - 0x00007ffb1de3b000 	C:\Windows\System32\sechost.dll
0x00007ffb1cc20000 - 0x00007ffb1cd4a000 	C:\Windows\System32\RPCRT4.dll
0x00007ffb1db60000 - 0x00007ffb1db68000 	C:\Windows\System32\PSAPI.DLL
0x00007ffb09500000 - 0x00007ffb09509000 	C:\Windows\SYSTEM32\WSOCK32.dll
0x00007ffb12830000 - 0x00007ffb1283a000 	C:\Windows\SYSTEM32\VERSION.dll
0x00007ffb07d20000 - 0x00007ffb07d47000 	C:\Windows\SYSTEM32\WINMM.dll
0x00007ffb1daf0000 - 0x00007ffb1db5b000 	C:\Windows\System32\WS2_32.dll
0x00007ffb1a1f0000 - 0x00007ffb1a202000 	C:\Windows\SYSTEM32\kernel.appcore.dll
0x00007ffb17d40000 - 0x00007ffb17d4a000 	C:\Users\willi\.p2\pool\plugins\org.eclipse.justj.openjdk.hotspot.jre.full.win32.x86_64_16.0.2.v20210721-1149\jre\bin\jimage.dll
0x00007ffb071f0000 - 0x00007ffb073d4000 	C:\Windows\SYSTEM32\DBGHELP.DLL
0x00007ffb071c0000 - 0x00007ffb071ec000 	C:\Windows\SYSTEM32\dbgcore.DLL
0x00007ffb1c7a0000 - 0x00007ffb1c823000 	C:\Windows\System32\bcryptPrimitives.dll
0x00007ffb0f6a0000 - 0x00007ffb0f6c5000 	C:\Users\willi\.p2\pool\plugins\org.eclipse.justj.openjdk.hotspot.jre.full.win32.x86_64_16.0.2.v20210721-1149\jre\bin\java.dll
0x00007ffb0f2b0000 - 0x00007ffb0f2c8000 	C:\Users\willi\.p2\pool\plugins\org.eclipse.justj.openjdk.hotspot.jre.full.win32.x86_64_16.0.2.v20210721-1149\jre\bin\zip.dll
0x00007ffb1df60000 - 0x00007ffb1e69f000 	C:\Windows\System32\SHELL32.dll
0x00007ffb1a3f0000 - 0x00007ffb1ab80000 	C:\Windows\SYSTEM32\windows.storage.dll
0x00007ffb1e6a0000 - 0x00007ffb1e9f5000 	C:\Windows\System32\combase.dll
0x00007ffb1bd40000 - 0x00007ffb1bd6e000 	C:\Windows\SYSTEM32\Wldp.dll
0x00007ffb1dcf0000 - 0x00007ffb1dd9d000 	C:\Windows\System32\SHCORE.dll
0x00007ffb1dbf0000 - 0x00007ffb1dc45000 	C:\Windows\System32\shlwapi.dll
0x00007ffb1c230000 - 0x00007ffb1c24f000 	C:\Windows\SYSTEM32\profapi.dll
0x00007ffb0ef40000 - 0x00007ffb0ef59000 	C:\Users\willi\.p2\pool\plugins\org.eclipse.justj.openjdk.hotspot.jre.full.win32.x86_64_16.0.2.v20210721-1149\jre\bin\net.dll
0x00007ffb0fec0000 - 0x00007ffb0ffcc000 	C:\Windows\SYSTEM32\WINHTTP.dll
0x00007ffb1baa0000 - 0x00007ffb1bb0a000 	C:\Windows\system32\mswsock.dll
0x00007ffb06fd0000 - 0x00007ffb06fe3000 	C:\Users\willi\.p2\pool\plugins\org.eclipse.justj.openjdk.hotspot.jre.full.win32.x86_64_16.0.2.v20210721-1149\jre\bin\nio.dll
0x00007ffb16ca0000 - 0x00007ffb16cb0000 	C:\Users\willi\.p2\pool\plugins\org.eclipse.justj.openjdk.hotspot.jre.full.win32.x86_64_16.0.2.v20210721-1149\jre\bin\verify.dll
0x00007ffb0f260000 - 0x00007ffb0f269000 	C:\Users\willi\.p2\pool\plugins\org.eclipse.justj.openjdk.hotspot.jre.full.win32.x86_64_16.0.2.v20210721-1149\jre\bin\management.dll
0x00007ffb098b0000 - 0x00007ffb098bb000 	C:\Users\willi\.p2\pool\plugins\org.eclipse.justj.openjdk.hotspot.jre.full.win32.x86_64_16.0.2.v20210721-1149\jre\bin\management_ext.dll
0x00007ffb16e00000 - 0x00007ffb16e17000 	C:\Windows\system32\napinsp.dll
0x00007ffaff230000 - 0x00007ffaff24b000 	C:\Windows\system32\pnrpnsp.dll
0x00007ffb02300000 - 0x00007ffb02315000 	C:\Windows\system32\wshbth.dll
0x00007ffb17fe0000 - 0x00007ffb17ffd000 	C:\Windows\system32\NLAapi.dll
0x00007ffb1b740000 - 0x00007ffb1b77b000 	C:\Windows\SYSTEM32\IPHLPAPI.DLL
0x00007ffb1b780000 - 0x00007ffb1b84b000 	C:\Windows\SYSTEM32\DNSAPI.dll
0x00007ffb1cd50000 - 0x00007ffb1cd58000 	C:\Windows\System32\NSI.dll
0x00007ffaff210000 - 0x00007ffaff222000 	C:\Windows\System32\winrnr.dll
0x000000006b880000 - 0x000000006b8a6000 	C:\Program Files\Bonjour\mdnsNSP.dll
0x00007ffb0fbe0000 - 0x00007ffb0fbea000 	C:\Windows\System32\rasadhlp.dll
0x00007ffb0fe40000 - 0x00007ffb0febf000 	C:\Windows\System32\fwpuclnt.dll
0x00007ffb1c770000 - 0x00007ffb1c797000 	C:\Windows\System32\bcrypt.dll
0x00007ffb1bc90000 - 0x00007ffb1bca8000 	C:\Windows\SYSTEM32\CRYPTSP.dll
0x00007ffb1b3b0000 - 0x00007ffb1b3e4000 	C:\Windows\system32\rsaenh.dll
0x00007ffb1c1f0000 - 0x00007ffb1c21e000 	C:\Windows\SYSTEM32\USERENV.dll
0x00007ffb1bcb0000 - 0x00007ffb1bcbc000 	C:\Windows\SYSTEM32\CRYPTBASE.dll
0x00007ffb129a0000 - 0x00007ffb129b7000 	C:\Windows\SYSTEM32\dhcpcsvc6.DLL
0x00007ffb12a70000 - 0x00007ffb12a8d000 	C:\Windows\SYSTEM32\dhcpcsvc.DLL

dbghelp: loaded successfully - version: 4.0.5 - missing functions: none
symbol engine: initialized successfully - sym options: 0x614 - pdb path: .;C:\Users\willi\.p2\pool\plugins\org.eclipse.justj.openjdk.hotspot.jre.full.win32.x86_64_16.0.2.v20210721-1149\jre\bin;C:\Windows\SYSTEM32;C:\Windows\WinSxS\amd64_microsoft.windows.common-controls_6595b64144ccf1df_6.0.19041.1110_none_60b5254171f9507e;C:\Users\willi\.p2\pool\plugins\org.eclipse.justj.openjdk.hotspot.jre.full.win32.x86_64_16.0.2.v20210721-1149\jre\bin\server;C:\Program Files\Bonjour

VM Arguments:
jvm_args: -Dfile.encoding=UTF-8 -XX:+ShowCodeDetailsInExceptionMessages 
java_command: com.ionx.ionx.IonxApplication
java_class_path (initial): C:\Users\willi\Desktop\Pedro Willian\Fatec\ADS - 3\API\ionx\target\classes;C:\Users\willi\.m2\repository\org\springframework\boot\spring-boot-starter-thymeleaf\2.5.4\spring-boot-starter-thymeleaf-2.5.4.jar;C:\Users\willi\.m2\repository\org\springframework\boot\spring-boot-starter\2.5.4\spring-boot-starter-2.5.4.jar;C:\Users\willi\.m2\repository\org\springframework\boot\spring-boot-starter-logging\2.5.4\spring-boot-starter-logging-2.5.4.jar;C:\Users\willi\.m2\repository\ch\qos\logback\logback-classic\1.2.5\logback-classic-1.2.5.jar;C:\Users\willi\.m2\repository\ch\qos\logback\logback-core\1.2.5\logback-core-1.2.5.jar;C:\Users\willi\.m2\repository\org\apache\logging\log4j\log4j-to-slf4j\2.14.1\log4j-to-slf4j-2.14.1.jar;C:\Users\willi\.m2\repository\org\apache\logging\log4j\log4j-api\2.14.1\log4j-api-2.14.1.jar;C:\Users\willi\.m2\repository\org\slf4j\jul-to-slf4j\1.7.32\jul-to-slf4j-1.7.32.jar;C:\Users\willi\.m2\repository\jakarta\annotation\jakarta.annotation-api\1.3.5\jakarta.annotation-api-1.3.5.jar;C:\Users\willi\.m2\repository\org\yaml\snakeyaml\1.28\snakeyaml-1.28.jar;C:\Users\willi\.m2\repository\org\thymeleaf\thymeleaf-spring5\3.0.12.RELEASE\thymeleaf-spring5-3.0.12.RELEASE.jar;C:\Users\willi\.m2\repository\org\thymeleaf\thymeleaf\3.0.12.RELEASE\thymeleaf-3.0.12.RELEASE.jar;C:\Users\willi\.m2\repository\org\attoparser\attoparser\2.0.5.RELEASE\attoparser-2.0.5.RELEASE.jar;C:\Users\willi\.m2\repository\org\unbescape\unbescape\1.1.6.RELEASE\unbescape-1.1.6.RELEASE.jar;C:\Users\willi\.m2\repository\org\slf4j\slf4j-api\1.7.32\slf4j-api-1.7.32.jar;C:\Users\willi\.m2\repository\org\thymeleaf\extras\thymeleaf-extras-java8time\3.0.4.RELEASE\thymeleaf-extras-java8time-3.0.4.RELEASE.jar;C:\Users\willi\.m2\repository\org\springframework\boot\spring-boot-starter-validation\2.5.4\spring-boot-starter-validation-2.5.4.jar;C:\Users\willi\.m2\repository\org\apache\tomcat\embed\tomcat-embed-el\9.0.52\tomcat-embed-el-9.0.52.jar;C:\Users\willi\.m2\repos
Launcher Type: SUN_STANDARD

[Global flags]
     intx CICompilerCount                          = 3                                         {product} {ergonomic}
     uint ConcGCThreads                            = 1                                         {product} {ergonomic}
     uint G1ConcRefinementThreads                  = 4                                         {product} {ergonomic}
   size_t G1HeapRegionSize                         = 1048576                                   {product} {ergonomic}
    uintx GCDrainStackTargetSize                   = 64                                        {product} {ergonomic}
   size_t InitialHeapSize                          = 67108864                                  {product} {ergonomic}
   size_t MarkStackSize                            = 4194304                                   {product} {ergonomic}
   size_t MaxHeapSize                              = 1044381696                                {product} {ergonomic}
   size_t MaxNewSize                               = 625999872                                 {product} {ergonomic}
   size_t MinHeapDeltaBytes                        = 1048576                                   {product} {ergonomic}
   size_t MinHeapSize                              = 8388608                                   {product} {ergonomic}
    uintx NonNMethodCodeHeapSize                   = 5832780                                {pd product} {ergonomic}
    uintx NonProfiledCodeHeapSize                  = 122912730                              {pd product} {ergonomic}
    uintx ProfiledCodeHeapSize                     = 122912730                              {pd product} {ergonomic}
    uintx ReservedCodeCacheSize                    = 251658240                              {pd product} {ergonomic}
     bool SegmentedCodeCache                       = true                                      {product} {ergonomic}
     bool ShowCodeDetailsInExceptionMessages       = true                                   {manageable} {command line}
   size_t SoftMaxHeapSize                          = 1044381696                             {manageable} {ergonomic}
     bool UseCompressedClassPointers               = true                           {product lp64_product} {ergonomic}
     bool UseCompressedOops                        = true                           {product lp64_product} {ergonomic}
     bool UseG1GC                                  = true                                      {product} {ergonomic}
     bool UseLargePagesIndividualAllocation        = false                                  {pd product} {ergonomic}

Logging:
Log output configuration:
 #0: stdout all=warning uptime,level,tags
 #1: stderr all=off uptime,level,tags

Environment Variables:
PATH=C:/Users/willi/.p2/pool/plugins/org.eclipse.justj.openjdk.hotspot.jre.full.win32.x86_64_16.0.2.v20210721-1149/jre/bin/server;C:/Users/willi/.p2/pool/plugins/org.eclipse.justj.openjdk.hotspot.jre.full.win32.x86_64_16.0.2.v20210721-1149/jre/bin;C:\Program Files\Common Files\Oracle\Java\javapath;C:\Windows\system32;C:\Windows;C:\Windows\System32\Wbem;C:\Windows\System32\WindowsPowerShell\v1.0\;C:\Windows\System32\OpenSSH\;C:\Program Files\nodejs\;C:\Users\willi\AppData\Roaming\Microsoft\Windows\Start Menu\Programs\Python 3.8;C:\Users\willi\AppData\Local\Programs\Python\Python39\Scripts\;C:\Users\willi\AppData\Local\Programs\Python\Python39\;C:\Users\willi\AppData\Local\Microsoft\WindowsApps;C:\Users\willi\AppData\Roaming\npm;C:\Users\willi\AppData\Local\Programs\Microsoft VS Code\bin;C:\Users\willi\AppData\Local\GitHubDesktop\bin;C:\Users\willi\AppData\Roaming\Microsoft\Windows\Start Menu\Programs\Python 3.8;;C:\Program Files\JetBrains\IntelliJ IDEA 2021.2.1\bin;;C:\Users\willi\Desktop;
USERNAME=willi
OS=Windows_NT
PROCESSOR_IDENTIFIER=Intel64 Family 6 Model 78 Stepping 3, GenuineIntel



---------------  S Y S T E M  ---------------

OS:
 Windows 10 , 64 bit Build 19041 (10.0.19041.1348)
OS uptime: 1 days 2:28 hours

CPU: total 4 (initial active 4) (2 cores per cpu, 2 threads per core) family 6 model 78 stepping 3 microcode 0xcc, cx8, cmov, fxsr, ht, mmx, 3dnowpref, sse, sse2, sse3, ssse3, sse4.1, sse4.2, popcnt, lzcnt, tsc, tscinvbit, avx, avx2, aes, erms, clmul, bmi1, bmi2, adx, fma, vzeroupper, clflush, clflushopt

Memory: 4k page, system-wide physical 3981M (253M free)
TotalPageFile size 7309M (AvailPageFile size 1433M)
current process WorkingSet (physical memory assigned to process): 267M, peak: 267M
current process commit charge ("private bytes"): 309M, peak: 309M

vm_info: OpenJDK 64-Bit Server VM (16.0.2+7-67) for windows-amd64 JRE (16.0.2+7-67), built on Jun  8 2021 23:21:43 by "mach5one" with MS VC++ 16.7 (VS2019)

END.
